2018-02-04T02:37:08+02:00 NOTICE (5) Undefined index: active in C:\wamp\www\pulsar-public\app\Application\view\theme\default\common\header.tpl on line 128
2018-02-04T02:37:08+02:00 NOTICE (5) Undefined index: active in C:\wamp\www\pulsar-public\app\Application\view\theme\default\common\header.tpl on line 128
2018-02-04T02:37:09+02:00 ERR (3) Missing route matches; unsure how to retrieve action in C:\wamp\www\pulsar-public\system\vendor\ionscript\ions-mvc\src\Controller.php on line 46
2018-02-04T02:37:09+02:00 ERR (3) Missing route matches; unsure how to retrieve action in C:\wamp\www\pulsar-public\system\vendor\ionscript\ions-mvc\src\Controller.php on line 46
2018-02-04T02:37:09+02:00 ERR (3) Missing route matches; unsure how to retrieve action in C:\wamp\www\pulsar-public\system\vendor\ionscript\ions-mvc\src\Controller.php on line 46
2018-02-04T02:37:25+02:00 NOTICE (5) Undefined index: active in C:\wamp\www\pulsar-public\app\Application\view\theme\default\common\header.tpl on line 128
2018-02-04T02:37:25+02:00 NOTICE (5) Undefined index: active in C:\wamp\www\pulsar-public\app\Application\view\theme\default\common\header.tpl on line 128
2018-02-04T02:37:25+02:00 NOTICE (5) Undefined variable: text_not_found in C:\wamp\www\pulsar-public\app\Application\view\theme\default\error\not_found.tpl on line 22
2018-02-04T02:37:29+02:00 NOTICE (5) Undefined index: active in C:\wamp\www\pulsar-public\app\Application\view\theme\default\common\header.tpl on line 128
2018-02-04T02:37:29+02:00 NOTICE (5) Undefined index: active in C:\wamp\www\pulsar-public\app\Application\view\theme\default\common\header.tpl on line 128
2018-02-04T02:38:32+02:00 NOTICE (5) Undefined index: active in C:\wamp\www\pulsar-public\app\Application\view\theme\default\common\header.tpl on line 128
2018-02-04T02:38:32+02:00 NOTICE (5) Undefined index: active in C:\wamp\www\pulsar-public\app\Application\view\theme\default\common\header.tpl on line 128
2018-02-04T02:38:32+02:00 ERR (3) Missing route matches; unsure how to retrieve action in C:\wamp\www\pulsar-public\system\vendor\ionscript\ions-mvc\src\Controller.php on line 46
2018-02-04T02:38:32+02:00 ERR (3) Missing route matches; unsure how to retrieve action in C:\wamp\www\pulsar-public\system\vendor\ionscript\ions-mvc\src\Controller.php on line 46
2018-02-04T02:38:33+02:00 ERR (3) Missing route matches; unsure how to retrieve action in C:\wamp\www\pulsar-public\system\vendor\ionscript\ions-mvc\src\Controller.php on line 46
2018-02-04T02:38:54+02:00 NOTICE (5) Undefined index: active in C:\wamp\www\pulsar-public\app\Application\view\theme\default\common\header.tpl on line 128
2018-02-04T02:38:54+02:00 NOTICE (5) Undefined index: active in C:\wamp\www\pulsar-public\app\Application\view\theme\default\common\header.tpl on line 128
2018-02-04T02:38:54+02:00 ERR (3) Missing route matches; unsure how to retrieve action in C:\wamp\www\pulsar-public\system\vendor\ionscript\ions-mvc\src\Controller.php on line 46
2018-02-04T02:42:22+02:00 ERR (3) Unable to resolve service "extension/module/banner"; you provided it during configuration? in C:\wamp\www\pulsar-public\system\vendor\ionscript\ions-mvc\src\ServiceManager.php on line 190
2018-02-04T02:42:22+02:00 ERR (3) Service with name "extension/module/banner" could not be created. Reason: Unable to resolve service "extension/module/banner"; you provided it during configuration? in C:\wamp\www\pulsar-public\system\vendor\ionscript\ions-mvc\src\ServiceManager.php on line 147
2018-02-04T02:42:30+02:00 NOTICE (5) Undefined variable: status in C:\wamp\www\pulsar-public\app\Admin\view\theme\default\extension\module\banner.tpl on line 98
2018-02-04T02:47:57+02:00 NOTICE (5) Undefined variable: status in C:\wamp\www\pulsar-public\app\Admin\view\theme\default\extension\module\banner.tpl on line 98
2018-02-04T02:53:05+02:00 NOTICE (5) Undefined variable: status in C:\wamp\www\pulsar-public\app\Admin\view\theme\default\extension\module\banner.tpl on line 98
2018-02-04T02:53:14+02:00 NOTICE (5) Undefined variable: status in C:\wamp\www\pulsar-public\app\Admin\view\theme\default\extension\module\banner.tpl on line 98
2018-02-04T02:58:05+02:00 NOTICE (5) Undefined variable: status in C:\wamp\www\pulsar-public\app\Admin\view\theme\default\extension\module\banner.tpl on line 98
2018-02-04T03:00:01+02:00 NOTICE (5) Undefined index: status in C:\wamp\www\pulsar-public\app\Admin\src\Controller\Extension\Module\BannerController.php on line 83
2018-02-04T03:00:15+02:00 NOTICE (5) Undefined index: status in C:\wamp\www\pulsar-public\app\Admin\src\Controller\Extension\Module\BannerController.php on line 83
2018-02-04T03:00:43+02:00 NOTICE (5) Undefined index: status in C:\wamp\www\pulsar-public\app\Admin\src\Controller\Extension\Module\BannerController.php on line 83
2018-02-04T03:03:21+02:00 ERR (3) Field 'application_id' doesn't have a default value in C:\wamp\www\pulsar-public\system\vendor\ionscript\ions-db\src\Driver\Mysqli.php on line 321
2018-02-04T03:08:39+02:00 NOTICE (5) Undefined index: active in C:\wamp\www\pulsar-public\app\Application\view\theme\default\common\header.tpl on line 128
2018-02-04T03:08:39+02:00 NOTICE (5) Undefined index: active in C:\wamp\www\pulsar-public\app\Application\view\theme\default\common\header.tpl on line 128
2018-02-04T03:08:40+02:00 ERR (3) Missing route matches; unsure how to retrieve action in C:\wamp\www\pulsar-public\system\vendor\ionscript\ions-mvc\src\Controller.php on line 46
2018-02-04T03:08:40+02:00 ERR (3) Missing route matches; unsure how to retrieve action in C:\wamp\www\pulsar-public\system\vendor\ionscript\ions-mvc\src\Controller.php on line 46
2018-02-04T03:08:40+02:00 ERR (3) Missing route matches; unsure how to retrieve action in C:\wamp\www\pulsar-public\system\vendor\ionscript\ions-mvc\src\Controller.php on line 46
2018-02-04T03:11:09+02:00 NOTICE (5) Undefined index: active in C:\wamp\www\pulsar-public\app\Application\view\theme\default\common\header.tpl on line 128
2018-02-04T03:11:09+02:00 NOTICE (5) Undefined index: active in C:\wamp\www\pulsar-public\app\Application\view\theme\default\common\header.tpl on line 128
2018-02-04T03:11:09+02:00 ERR (3) Missing route matches; unsure how to retrieve action in C:\wamp\www\pulsar-public\system\vendor\ionscript\ions-mvc\src\Controller.php on line 46
2018-02-04T03:11:09+02:00 ERR (3) Missing route matches; unsure how to retrieve action in C:\wamp\www\pulsar-public\system\vendor\ionscript\ions-mvc\src\Controller.php on line 46
2018-02-04T03:11:10+02:00 ERR (3) Missing route matches; unsure how to retrieve action in C:\wamp\www\pulsar-public\system\vendor\ionscript\ions-mvc\src\Controller.php on line 46
2018-02-04T03:11:18+02:00 NOTICE (5) Undefined index: active in C:\wamp\www\pulsar-public\app\Application\view\theme\default\common\header.tpl on line 128
2018-02-04T03:11:18+02:00 NOTICE (5) Undefined index: active in C:\wamp\www\pulsar-public\app\Application\view\theme\default\common\header.tpl on line 128
2018-02-04T03:11:18+02:00 ERR (3) Missing route matches; unsure how to retrieve action in C:\wamp\www\pulsar-public\system\vendor\ionscript\ions-mvc\src\Controller.php on line 46
2018-02-04T03:11:22+02:00 NOTICE (5) Undefined index: active in C:\wamp\www\pulsar-public\app\Application\view\theme\default\common\header.tpl on line 128
2018-02-04T03:11:22+02:00 NOTICE (5) Undefined index: active in C:\wamp\www\pulsar-public\app\Application\view\theme\default\common\header.tpl on line 128
2018-02-04T03:11:22+02:00 ERR (3) Missing route matches; unsure how to retrieve action in C:\wamp\www\pulsar-public\system\vendor\ionscript\ions-mvc\src\Controller.php on line 46
2018-02-04T03:12:06+02:00 NOTICE (5) Undefined index: active in C:\wamp\www\pulsar-public\app\Application\view\theme\default\common\header.tpl on line 128
2018-02-04T03:12:06+02:00 NOTICE (5) Undefined index: active in C:\wamp\www\pulsar-public\app\Application\view\theme\default\common\header.tpl on line 128
2018-02-04T03:12:06+02:00 ERR (3) Missing route matches; unsure how to retrieve action in C:\wamp\www\pulsar-public\system\vendor\ionscript\ions-mvc\src\Controller.php on line 46
2018-02-04T03:12:06+02:00 ERR (3) Missing route matches; unsure how to retrieve action in C:\wamp\www\pulsar-public\system\vendor\ionscript\ions-mvc\src\Controller.php on line 46
2018-02-04T03:12:07+02:00 ERR (3) Missing route matches; unsure how to retrieve action in C:\wamp\www\pulsar-public\system\vendor\ionscript\ions-mvc\src\Controller.php on line 46
2018-02-04T03:13:08+02:00 NOTICE (5) Undefined index: active in C:\wamp\www\pulsar-public\app\Application\view\theme\default\common\header.tpl on line 128
2018-02-04T03:13:08+02:00 NOTICE (5) Undefined index: active in C:\wamp\www\pulsar-public\app\Application\view\theme\default\common\header.tpl on line 128
2018-02-04T03:13:09+02:00 ERR (3) Missing route matches; unsure how to retrieve action in C:\wamp\www\pulsar-public\system\vendor\ionscript\ions-mvc\src\Controller.php on line 46
2018-02-04T03:13:09+02:00 ERR (3) Missing route matches; unsure how to retrieve action in C:\wamp\www\pulsar-public\system\vendor\ionscript\ions-mvc\src\Controller.php on line 46
2018-02-04T03:13:09+02:00 ERR (3) Missing route matches; unsure how to retrieve action in C:\wamp\www\pulsar-public\system\vendor\ionscript\ions-mvc\src\Controller.php on line 46
2018-02-04T03:13:13+02:00 NOTICE (5) Undefined index: active in C:\wamp\www\pulsar-public\app\Application\view\theme\default\common\header.tpl on line 128
2018-02-04T03:13:13+02:00 NOTICE (5) Undefined index: active in C:\wamp\www\pulsar-public\app\Application\view\theme\default\common\header.tpl on line 128
2018-02-04T03:13:13+02:00 NOTICE (5) Undefined variable: text_not_found in C:\wamp\www\pulsar-public\app\Application\view\theme\default\error\not_found.tpl on line 22
2018-02-04T03:13:17+02:00 NOTICE (5) Undefined index: active in C:\wamp\www\pulsar-public\app\Application\view\theme\default\common\header.tpl on line 128
2018-02-04T03:13:17+02:00 NOTICE (5) Undefined index: active in C:\wamp\www\pulsar-public\app\Application\view\theme\default\common\header.tpl on line 128
2018-02-04T03:13:17+02:00 NOTICE (5) Undefined variable: text_not_found in C:\wamp\www\pulsar-public\app\Application\view\theme\default\error\not_found.tpl on line 22
2018-02-04T03:13:19+02:00 NOTICE (5) Undefined index: active in C:\wamp\www\pulsar-public\app\Application\view\theme\default\common\header.tpl on line 128
2018-02-04T03:13:19+02:00 NOTICE (5) Undefined index: active in C:\wamp\www\pulsar-public\app\Application\view\theme\default\common\header.tpl on line 128
2018-02-04T03:13:19+02:00 NOTICE (5) Undefined variable: text_not_found in C:\wamp\www\pulsar-public\app\Application\view\theme\default\error\not_found.tpl on line 22
2018-02-04T03:13:20+02:00 NOTICE (5) Undefined index: active in C:\wamp\www\pulsar-public\app\Application\view\theme\default\common\header.tpl on line 128
2018-02-04T03:13:20+02:00 NOTICE (5) Undefined index: active in C:\wamp\www\pulsar-public\app\Application\view\theme\default\common\header.tpl on line 128
2018-02-04T03:13:21+02:00 ERR (3) Missing route matches; unsure how to retrieve action in C:\wamp\www\pulsar-public\system\vendor\ionscript\ions-mvc\src\Controller.php on line 46
2018-02-04T03:13:22+02:00 NOTICE (5) Undefined index: active in C:\wamp\www\pulsar-public\app\Application\view\theme\default\common\header.tpl on line 128
2018-02-04T03:13:22+02:00 NOTICE (5) Undefined index: active in C:\wamp\www\pulsar-public\app\Application\view\theme\default\common\header.tpl on line 128
2018-02-04T03:13:22+02:00 ERR (3) Missing route matches; unsure how to retrieve action in C:\wamp\www\pulsar-public\system\vendor\ionscript\ions-mvc\src\Controller.php on line 46
2018-02-04T03:15:42+02:00 NOTICE (5) Undefined index: active in C:\wamp\www\pulsar-public\app\Application\view\theme\default\common\header.tpl on line 128
2018-02-04T03:15:42+02:00 NOTICE (5) Undefined index: active in C:\wamp\www\pulsar-public\app\Application\view\theme\default\common\header.tpl on line 128
2018-02-04T03:15:43+02:00 ERR (3) Missing route matches; unsure how to retrieve action in C:\wamp\www\pulsar-public\system\vendor\ionscript\ions-mvc\src\Controller.php on line 46
2018-02-04T03:15:43+02:00 ERR (3) Missing route matches; unsure how to retrieve action in C:\wamp\www\pulsar-public\system\vendor\ionscript\ions-mvc\src\Controller.php on line 46
2018-02-04T03:15:43+02:00 ERR (3) Missing route matches; unsure how to retrieve action in C:\wamp\www\pulsar-public\system\vendor\ionscript\ions-mvc\src\Controller.php on line 46
2018-02-04T03:16:07+02:00 NOTICE (5) Undefined index: active in C:\wamp\www\pulsar-public\app\Application\view\theme\default\common\header.tpl on line 128
2018-02-04T03:16:07+02:00 NOTICE (5) Undefined index: active in C:\wamp\www\pulsar-public\app\Application\view\theme\default\common\header.tpl on line 128
2018-02-04T03:16:07+02:00 ERR (3) Missing route matches; unsure how to retrieve action in C:\wamp\www\pulsar-public\system\vendor\ionscript\ions-mvc\src\Controller.php on line 46
2018-02-04T03:16:14+02:00 NOTICE (5) Undefined index: active in C:\wamp\www\pulsar-public\app\Application\view\theme\default\common\header.tpl on line 128
2018-02-04T03:16:14+02:00 NOTICE (5) Undefined index: active in C:\wamp\www\pulsar-public\app\Application\view\theme\default\common\header.tpl on line 128
2018-02-04T03:16:14+02:00 ERR (3) Missing route matches; unsure how to retrieve action in C:\wamp\www\pulsar-public\system\vendor\ionscript\ions-mvc\src\Controller.php on line 46
2018-02-04T03:16:15+02:00 ERR (3) Missing route matches; unsure how to retrieve action in C:\wamp\www\pulsar-public\system\vendor\ionscript\ions-mvc\src\Controller.php on line 46
2018-02-04T03:16:15+02:00 ERR (3) Missing route matches; unsure how to retrieve action in C:\wamp\www\pulsar-public\system\vendor\ionscript\ions-mvc\src\Controller.php on line 46
2018-02-04T03:33:16+02:00 NOTICE (5) Undefined index: active in C:\wamp\www\pulsar-public\app\Application\view\theme\default\common\header.tpl on line 128
2018-02-04T03:33:16+02:00 NOTICE (5) Undefined index: active in C:\wamp\www\pulsar-public\app\Application\view\theme\default\common\header.tpl on line 128
2018-02-04T03:33:17+02:00 ERR (3) Missing route matches; unsure how to retrieve action in C:\wamp\www\pulsar-public\system\vendor\ionscript\ions-mvc\src\Controller.php on line 46
2018-02-04T03:33:19+02:00 ERR (3) Missing route matches; unsure how to retrieve action in C:\wamp\www\pulsar-public\system\vendor\ionscript\ions-mvc\src\Controller.php on line 46
2018-02-04T03:33:22+02:00 ERR (3) Missing route matches; unsure how to retrieve action in C:\wamp\www\pulsar-public\system\vendor\ionscript\ions-mvc\src\Controller.php on line 46
2018-02-04T03:33:28+02:00 NOTICE (5) Undefined index: active in C:\wamp\www\pulsar-public\app\Application\view\theme\default\common\header.tpl on line 128
2018-02-04T03:33:28+02:00 NOTICE (5) Undefined index: active in C:\wamp\www\pulsar-public\app\Application\view\theme\default\common\header.tpl on line 128
2018-02-04T03:33:29+02:00 ERR (3) Missing route matches; unsure how to retrieve action in C:\wamp\www\pulsar-public\system\vendor\ionscript\ions-mvc\src\Controller.php on line 46
2018-02-04T03:34:36+02:00 NOTICE (5) Undefined index: active in C:\wamp\www\pulsar-public\app\Application\view\theme\default\common\header.tpl on line 128
2018-02-04T03:34:36+02:00 NOTICE (5) Undefined index: active in C:\wamp\www\pulsar-public\app\Application\view\theme\default\common\header.tpl on line 128
2018-02-04T03:34:36+02:00 ERR (3) Missing route matches; unsure how to retrieve action in C:\wamp\www\pulsar-public\system\vendor\ionscript\ions-mvc\src\Controller.php on line 46
2018-02-04T03:34:36+02:00 ERR (3) Missing route matches; unsure how to retrieve action in C:\wamp\www\pulsar-public\system\vendor\ionscript\ions-mvc\src\Controller.php on line 46
2018-02-04T03:34:37+02:00 ERR (3) Missing route matches; unsure how to retrieve action in C:\wamp\www\pulsar-public\system\vendor\ionscript\ions-mvc\src\Controller.php on line 46
2018-02-04T03:34:44+02:00 NOTICE (5) Undefined index: active in C:\wamp\www\pulsar-public\app\Application\view\theme\default\common\header.tpl on line 128
2018-02-04T03:34:44+02:00 NOTICE (5) Undefined index: active in C:\wamp\www\pulsar-public\app\Application\view\theme\default\common\header.tpl on line 128
2018-02-04T03:34:44+02:00 ERR (3) Missing route matches; unsure how to retrieve action in C:\wamp\www\pulsar-public\system\vendor\ionscript\ions-mvc\src\Controller.php on line 46
2018-02-04T03:35:18+02:00 NOTICE (5) Undefined index: active in C:\wamp\www\pulsar-public\app\Application\view\theme\default\common\header.tpl on line 128
2018-02-04T03:35:18+02:00 NOTICE (5) Undefined index: active in C:\wamp\www\pulsar-public\app\Application\view\theme\default\common\header.tpl on line 128
2018-02-04T03:35:18+02:00 ERR (3) Missing route matches; unsure how to retrieve action in C:\wamp\www\pulsar-public\system\vendor\ionscript\ions-mvc\src\Controller.php on line 46
2018-02-04T03:35:40+02:00 NOTICE (5) Undefined index: active in C:\wamp\www\pulsar-public\app\Application\view\theme\default\common\header.tpl on line 128
2018-02-04T03:35:40+02:00 NOTICE (5) Undefined index: active in C:\wamp\www\pulsar-public\app\Application\view\theme\default\common\header.tpl on line 128
2018-02-04T03:35:40+02:00 ERR (3) Missing route matches; unsure how to retrieve action in C:\wamp\www\pulsar-public\system\vendor\ionscript\ions-mvc\src\Controller.php on line 46
2018-02-04T03:36:55+02:00 NOTICE (5) Undefined index: active in C:\wamp\www\pulsar-public\app\Application\view\theme\default\common\header.tpl on line 128
2018-02-04T03:36:55+02:00 NOTICE (5) Undefined index: active in C:\wamp\www\pulsar-public\app\Application\view\theme\default\common\header.tpl on line 128
2018-02-04T03:36:56+02:00 ERR (3) Missing route matches; unsure how to retrieve action in C:\wamp\www\pulsar-public\system\vendor\ionscript\ions-mvc\src\Controller.php on line 46
2018-02-04T03:37:53+02:00 NOTICE (5) Undefined index: active in C:\wamp\www\pulsar-public\app\Application\view\theme\default\common\header.tpl on line 128
2018-02-04T03:37:53+02:00 NOTICE (5) Undefined index: active in C:\wamp\www\pulsar-public\app\Application\view\theme\default\common\header.tpl on line 128
2018-02-04T03:37:53+02:00 ERR (3) Missing route matches; unsure how to retrieve action in C:\wamp\www\pulsar-public\system\vendor\ionscript\ions-mvc\src\Controller.php on line 46
2018-02-04T03:38:51+02:00 NOTICE (5) Undefined index: active in C:\wamp\www\pulsar-public\app\Application\view\theme\default\common\header.tpl on line 128
2018-02-04T03:38:51+02:00 NOTICE (5) Undefined index: active in C:\wamp\www\pulsar-public\app\Application\view\theme\default\common\header.tpl on line 128
2018-02-04T03:38:58+02:00 NOTICE (5) Undefined index: active in C:\wamp\www\pulsar-public\app\Application\view\theme\default\common\header.tpl on line 128
2018-02-04T03:38:58+02:00 NOTICE (5) Undefined index: active in C:\wamp\www\pulsar-public\app\Application\view\theme\default\common\header.tpl on line 128
2018-02-04T03:38:58+02:00 ERR (3) Missing route matches; unsure how to retrieve action in C:\wamp\www\pulsar-public\system\vendor\ionscript\ions-mvc\src\Controller.php on line 46
2018-02-04T03:39:39+02:00 NOTICE (5) Undefined index: active in C:\wamp\www\pulsar-public\app\Application\view\theme\default\common\header.tpl on line 128
2018-02-04T03:39:39+02:00 NOTICE (5) Undefined index: active in C:\wamp\www\pulsar-public\app\Application\view\theme\default\common\header.tpl on line 128
2018-02-04T03:39:39+02:00 ERR (3) Missing route matches; unsure how to retrieve action in C:\wamp\www\pulsar-public\system\vendor\ionscript\ions-mvc\src\Controller.php on line 46
2018-02-04T03:41:28+02:00 NOTICE (5) Undefined index: active in C:\wamp\www\pulsar-public\app\Application\view\theme\default\common\header.tpl on line 128
2018-02-04T03:41:28+02:00 NOTICE (5) Undefined index: active in C:\wamp\www\pulsar-public\app\Application\view\theme\default\common\header.tpl on line 128
2018-02-04T03:41:28+02:00 ERR (3) Missing route matches; unsure how to retrieve action in C:\wamp\www\pulsar-public\system\vendor\ionscript\ions-mvc\src\Controller.php on line 46
2018-02-04T03:42:41+02:00 NOTICE (5) Undefined index: active in C:\wamp\www\pulsar-public\app\Application\view\theme\default\common\header.tpl on line 128
2018-02-04T03:42:41+02:00 NOTICE (5) Undefined index: active in C:\wamp\www\pulsar-public\app\Application\view\theme\default\common\header.tpl on line 128
2018-02-04T03:42:42+02:00 ERR (3) Missing route matches; unsure how to retrieve action in C:\wamp\www\pulsar-public\system\vendor\ionscript\ions-mvc\src\Controller.php on line 46
2018-02-04T03:43:20+02:00 NOTICE (5) Undefined index: active in C:\wamp\www\pulsar-public\app\Application\view\theme\default\common\header.tpl on line 128
2018-02-04T03:43:20+02:00 NOTICE (5) Undefined index: active in C:\wamp\www\pulsar-public\app\Application\view\theme\default\common\header.tpl on line 128
2018-02-04T03:43:21+02:00 ERR (3) Missing route matches; unsure how to retrieve action in C:\wamp\www\pulsar-public\system\vendor\ionscript\ions-mvc\src\Controller.php on line 46
2018-02-04T03:44:40+02:00 NOTICE (5) Undefined index: active in C:\wamp\www\pulsar-public\app\Application\view\theme\default\common\header.tpl on line 128
2018-02-04T03:44:40+02:00 NOTICE (5) Undefined index: active in C:\wamp\www\pulsar-public\app\Application\view\theme\default\common\header.tpl on line 128
2018-02-04T03:44:40+02:00 ERR (3) Missing route matches; unsure how to retrieve action in C:\wamp\www\pulsar-public\system\vendor\ionscript\ions-mvc\src\Controller.php on line 46
2018-02-04T03:45:21+02:00 NOTICE (5) Undefined index: active in C:\wamp\www\pulsar-public\app\Application\view\theme\default\common\header.tpl on line 128
2018-02-04T03:45:21+02:00 NOTICE (5) Undefined index: active in C:\wamp\www\pulsar-public\app\Application\view\theme\default\common\header.tpl on line 128
2018-02-04T03:45:21+02:00 ERR (3) Missing route matches; unsure how to retrieve action in C:\wamp\www\pulsar-public\system\vendor\ionscript\ions-mvc\src\Controller.php on line 46
2018-02-04T03:48:27+02:00 NOTICE (5) Undefined index: active in C:\wamp\www\pulsar-public\app\Application\view\theme\default\common\header.tpl on line 128
2018-02-04T03:48:27+02:00 NOTICE (5) Undefined index: active in C:\wamp\www\pulsar-public\app\Application\view\theme\default\common\header.tpl on line 128
2018-02-04T03:48:27+02:00 ERR (3) Missing route matches; unsure how to retrieve action in C:\wamp\www\pulsar-public\system\vendor\ionscript\ions-mvc\src\Controller.php on line 46
2018-02-04T03:49:06+02:00 NOTICE (5) Undefined index: active in C:\wamp\www\pulsar-public\app\Application\view\theme\default\common\header.tpl on line 128
2018-02-04T03:49:06+02:00 NOTICE (5) Undefined index: active in C:\wamp\www\pulsar-public\app\Application\view\theme\default\common\header.tpl on line 128
2018-02-04T03:49:06+02:00 ERR (3) Missing route matches; unsure how to retrieve action in C:\wamp\www\pulsar-public\system\vendor\ionscript\ions-mvc\src\Controller.php on line 46
2018-02-04T03:49:08+02:00 NOTICE (5) Undefined index: active in C:\wamp\www\pulsar-public\app\Application\view\theme\default\common\header.tpl on line 128
2018-02-04T03:49:08+02:00 NOTICE (5) Undefined index: active in C:\wamp\www\pulsar-public\app\Application\view\theme\default\common\header.tpl on line 128
2018-02-04T03:49:08+02:00 ERR (3) Missing route matches; unsure how to retrieve action in C:\wamp\www\pulsar-public\system\vendor\ionscript\ions-mvc\src\Controller.php on line 46
2018-02-04T03:51:23+02:00 NOTICE (5) Undefined index: active in C:\wamp\www\pulsar-public\app\Application\view\theme\default\common\header.tpl on line 128
2018-02-04T03:51:23+02:00 NOTICE (5) Undefined index: active in C:\wamp\www\pulsar-public\app\Application\view\theme\default\common\header.tpl on line 128
2018-02-04T03:51:23+02:00 ERR (3) Missing route matches; unsure how to retrieve action in C:\wamp\www\pulsar-public\system\vendor\ionscript\ions-mvc\src\Controller.php on line 46
2018-02-04T03:51:35+02:00 NOTICE (5) Undefined index: active in C:\wamp\www\pulsar-public\app\Application\view\theme\default\common\header.tpl on line 128
2018-02-04T03:51:35+02:00 NOTICE (5) Undefined index: active in C:\wamp\www\pulsar-public\app\Application\view\theme\default\common\header.tpl on line 128
2018-02-04T03:51:35+02:00 ERR (3) Missing route matches; unsure how to retrieve action in C:\wamp\www\pulsar-public\system\vendor\ionscript\ions-mvc\src\Controller.php on line 46
2018-02-04T03:51:55+02:00 NOTICE (5) Undefined index: active in C:\wamp\www\pulsar-public\app\Application\view\theme\default\common\header.tpl on line 128
2018-02-04T03:51:55+02:00 NOTICE (5) Undefined index: active in C:\wamp\www\pulsar-public\app\Application\view\theme\default\common\header.tpl on line 128
2018-02-04T03:51:55+02:00 ERR (3) Missing route matches; unsure how to retrieve action in C:\wamp\www\pulsar-public\system\vendor\ionscript\ions-mvc\src\Controller.php on line 46
2018-02-04T03:52:02+02:00 NOTICE (5) Undefined index: active in C:\wamp\www\pulsar-public\app\Application\view\theme\default\common\header.tpl on line 128
2018-02-04T03:52:02+02:00 NOTICE (5) Undefined index: active in C:\wamp\www\pulsar-public\app\Application\view\theme\default\common\header.tpl on line 128
2018-02-04T03:52:02+02:00 ERR (3) Missing route matches; unsure how to retrieve action in C:\wamp\www\pulsar-public\system\vendor\ionscript\ions-mvc\src\Controller.php on line 46
2018-02-04T03:53:11+02:00 NOTICE (5) Undefined index: active in C:\wamp\www\pulsar-public\app\Application\view\theme\default\common\header.tpl on line 128
2018-02-04T03:53:11+02:00 NOTICE (5) Undefined index: active in C:\wamp\www\pulsar-public\app\Application\view\theme\default\common\header.tpl on line 128
2018-02-04T03:53:12+02:00 ERR (3) Missing route matches; unsure how to retrieve action in C:\wamp\www\pulsar-public\system\vendor\ionscript\ions-mvc\src\Controller.php on line 46
2018-02-04T03:56:58+02:00 NOTICE (5) Undefined index: active in C:\wamp\www\pulsar-public\app\Application\view\theme\default\common\header.tpl on line 141
2018-02-04T03:56:58+02:00 NOTICE (5) Undefined index: active in C:\wamp\www\pulsar-public\app\Application\view\theme\default\common\header.tpl on line 141
2018-02-04T03:59:01+02:00 NOTICE (5) Undefined index: active in C:\wamp\www\pulsar-public\app\Application\view\theme\default\common\header.tpl on line 141
2018-02-04T03:59:01+02:00 NOTICE (5) Undefined index: active in C:\wamp\www\pulsar-public\app\Application\view\theme\default\common\header.tpl on line 141
2018-02-04T04:01:43+02:00 NOTICE (5) Undefined index: active in C:\wamp\www\pulsar-public\app\Application\view\theme\default\common\header.tpl on line 141
2018-02-04T04:01:43+02:00 NOTICE (5) Undefined index: active in C:\wamp\www\pulsar-public\app\Application\view\theme\default\common\header.tpl on line 141
2018-02-04T04:01:43+02:00 NOTICE (5) Undefined variable: text_not_found in C:\wamp\www\pulsar-public\app\Application\view\theme\default\error\not_found.tpl on line 22
2018-02-04T04:01:43+02:00 NOTICE (5) Undefined index: active in C:\wamp\www\pulsar-public\app\Application\view\theme\default\common\header.tpl on line 141
2018-02-04T04:01:43+02:00 NOTICE (5) Undefined index: active in C:\wamp\www\pulsar-public\app\Application\view\theme\default\common\header.tpl on line 141
2018-02-04T04:01:44+02:00 ERR (3) Missing route matches; unsure how to retrieve action in C:\wamp\www\pulsar-public\system\vendor\ionscript\ions-mvc\src\Controller.php on line 46
2018-02-04T04:01:45+02:00 NOTICE (5) Undefined index: active in C:\wamp\www\pulsar-public\app\Application\view\theme\default\common\header.tpl on line 141
2018-02-04T04:01:45+02:00 NOTICE (5) Undefined index: active in C:\wamp\www\pulsar-public\app\Application\view\theme\default\common\header.tpl on line 141
2018-02-04T04:01:45+02:00 ERR (3) Missing route matches; unsure how to retrieve action in C:\wamp\www\pulsar-public\system\vendor\ionscript\ions-mvc\src\Controller.php on line 46
2018-02-04T04:02:18+02:00 NOTICE (5) Undefined index: active in C:\wamp\www\pulsar-public\app\Application\view\theme\default\common\header.tpl on line 141
2018-02-04T04:02:18+02:00 NOTICE (5) Undefined index: active in C:\wamp\www\pulsar-public\app\Application\view\theme\default\common\header.tpl on line 141
2018-02-04T04:02:18+02:00 ERR (3) Missing route matches; unsure how to retrieve action in C:\wamp\www\pulsar-public\system\vendor\ionscript\ions-mvc\src\Controller.php on line 46
2018-02-04T04:03:05+02:00 NOTICE (5) Undefined index: active in C:\wamp\www\pulsar-public\app\Application\view\theme\default\common\header.tpl on line 141
2018-02-04T04:03:05+02:00 NOTICE (5) Undefined index: active in C:\wamp\www\pulsar-public\app\Application\view\theme\default\common\header.tpl on line 141
2018-02-04T04:03:06+02:00 ERR (3) Missing route matches; unsure how to retrieve action in C:\wamp\www\pulsar-public\system\vendor\ionscript\ions-mvc\src\Controller.php on line 46
2018-02-04T04:03:38+02:00 NOTICE (5) Undefined index: active in C:\wamp\www\pulsar-public\app\Application\view\theme\default\common\header.tpl on line 141
2018-02-04T04:03:38+02:00 NOTICE (5) Undefined index: active in C:\wamp\www\pulsar-public\app\Application\view\theme\default\common\header.tpl on line 141
2018-02-04T04:03:38+02:00 ERR (3) Missing route matches; unsure how to retrieve action in C:\wamp\www\pulsar-public\system\vendor\ionscript\ions-mvc\src\Controller.php on line 46
2018-02-04T04:05:57+02:00 NOTICE (5) Undefined index: active in C:\wamp\www\pulsar-public\app\Application\view\theme\default\common\header.tpl on line 141
2018-02-04T04:05:57+02:00 NOTICE (5) Undefined index: active in C:\wamp\www\pulsar-public\app\Application\view\theme\default\common\header.tpl on line 141
2018-02-04T04:05:57+02:00 ERR (3) Missing route matches; unsure how to retrieve action in C:\wamp\www\pulsar-public\system\vendor\ionscript\ions-mvc\src\Controller.php on line 46
2018-02-04T04:05:59+02:00 NOTICE (5) Undefined index: active in C:\wamp\www\pulsar-public\app\Application\view\theme\default\common\header.tpl on line 141
2018-02-04T04:05:59+02:00 NOTICE (5) Undefined index: active in C:\wamp\www\pulsar-public\app\Application\view\theme\default\common\header.tpl on line 141
2018-02-04T04:05:59+02:00 ERR (3) Missing route matches; unsure how to retrieve action in C:\wamp\www\pulsar-public\system\vendor\ionscript\ions-mvc\src\Controller.php on line 46
2018-02-04T04:06:27+02:00 NOTICE (5) Undefined index: active in C:\wamp\www\pulsar-public\app\Application\view\theme\default\common\header.tpl on line 141
2018-02-04T04:06:27+02:00 NOTICE (5) Undefined index: active in C:\wamp\www\pulsar-public\app\Application\view\theme\default\common\header.tpl on line 141
2018-02-04T04:06:27+02:00 ERR (3) Missing route matches; unsure how to retrieve action in C:\wamp\www\pulsar-public\system\vendor\ionscript\ions-mvc\src\Controller.php on line 46
2018-02-04T04:08:23+02:00 NOTICE (5) Undefined index: active in C:\wamp\www\pulsar-public\app\Application\view\theme\default\common\header.tpl on line 141
2018-02-04T04:08:23+02:00 NOTICE (5) Undefined index: active in C:\wamp\www\pulsar-public\app\Application\view\theme\default\common\header.tpl on line 141
2018-02-04T04:08:23+02:00 ERR (3) Missing route matches; unsure how to retrieve action in C:\wamp\www\pulsar-public\system\vendor\ionscript\ions-mvc\src\Controller.php on line 46
2018-02-04T04:09:06+02:00 NOTICE (5) Undefined index: active in C:\wamp\www\pulsar-public\app\Application\view\theme\default\common\header.tpl on line 141
2018-02-04T04:09:06+02:00 NOTICE (5) Undefined index: active in C:\wamp\www\pulsar-public\app\Application\view\theme\default\common\header.tpl on line 141
2018-02-04T04:09:06+02:00 ERR (3) Missing route matches; unsure how to retrieve action in C:\wamp\www\pulsar-public\system\vendor\ionscript\ions-mvc\src\Controller.php on line 46
2018-02-04T04:09:13+02:00 NOTICE (5) Undefined index: active in C:\wamp\www\pulsar-public\app\Application\view\theme\default\common\header.tpl on line 141
2018-02-04T04:09:13+02:00 NOTICE (5) Undefined index: active in C:\wamp\www\pulsar-public\app\Application\view\theme\default\common\header.tpl on line 141
2018-02-04T04:09:16+02:00 ERR (3) Missing route matches; unsure how to retrieve action in C:\wamp\www\pulsar-public\system\vendor\ionscript\ions-mvc\src\Controller.php on line 46
2018-02-04T04:09:21+02:00 NOTICE (5) Undefined index: active in C:\wamp\www\pulsar-public\app\Application\view\theme\default\common\header.tpl on line 141
2018-02-04T04:09:21+02:00 NOTICE (5) Undefined index: active in C:\wamp\www\pulsar-public\app\Application\view\theme\default\common\header.tpl on line 141
2018-02-04T04:09:24+02:00 ERR (3) Missing route matches; unsure how to retrieve action in C:\wamp\www\pulsar-public\system\vendor\ionscript\ions-mvc\src\Controller.php on line 46
2018-02-04T04:09:32+02:00 NOTICE (5) Undefined index: active in C:\wamp\www\pulsar-public\app\Application\view\theme\default\common\header.tpl on line 141
2018-02-04T04:09:32+02:00 NOTICE (5) Undefined index: active in C:\wamp\www\pulsar-public\app\Application\view\theme\default\common\header.tpl on line 141
2018-02-04T04:09:32+02:00 ERR (3) Missing route matches; unsure how to retrieve action in C:\wamp\www\pulsar-public\system\vendor\ionscript\ions-mvc\src\Controller.php on line 46
2018-02-04T04:10:18+02:00 NOTICE (5) Undefined index: active in C:\wamp\www\pulsar-public\app\Application\view\theme\default\common\header.tpl on line 141
2018-02-04T04:10:18+02:00 NOTICE (5) Undefined index: active in C:\wamp\www\pulsar-public\app\Application\view\theme\default\common\header.tpl on line 141
2018-02-04T04:10:18+02:00 ERR (3) Missing route matches; unsure how to retrieve action in C:\wamp\www\pulsar-public\system\vendor\ionscript\ions-mvc\src\Controller.php on line 46
2018-02-04T04:11:05+02:00 NOTICE (5) Undefined index: active in C:\wamp\www\pulsar-public\app\Application\view\theme\default\common\header.tpl on line 141
2018-02-04T04:11:05+02:00 NOTICE (5) Undefined index: active in C:\wamp\www\pulsar-public\app\Application\view\theme\default\common\header.tpl on line 141
2018-02-04T04:11:05+02:00 ERR (3) Missing route matches; unsure how to retrieve action in C:\wamp\www\pulsar-public\system\vendor\ionscript\ions-mvc\src\Controller.php on line 46
2018-02-04T04:11:23+02:00 NOTICE (5) Undefined index: active in C:\wamp\www\pulsar-public\app\Application\view\theme\default\common\header.tpl on line 141
2018-02-04T04:11:23+02:00 NOTICE (5) Undefined index: active in C:\wamp\www\pulsar-public\app\Application\view\theme\default\common\header.tpl on line 141
2018-02-04T04:11:23+02:00 ERR (3) Missing route matches; unsure how to retrieve action in C:\wamp\www\pulsar-public\system\vendor\ionscript\ions-mvc\src\Controller.php on line 46
2018-02-04T04:12:15+02:00 NOTICE (5) Undefined index: active in C:\wamp\www\pulsar-public\app\Application\view\theme\default\common\header.tpl on line 141
2018-02-04T04:12:15+02:00 NOTICE (5) Undefined index: active in C:\wamp\www\pulsar-public\app\Application\view\theme\default\common\header.tpl on line 141
2018-02-04T04:12:16+02:00 ERR (3) Missing route matches; unsure how to retrieve action in C:\wamp\www\pulsar-public\system\vendor\ionscript\ions-mvc\src\Controller.php on line 46
2018-02-04T04:13:37+02:00 NOTICE (5) Undefined index: active in C:\wamp\www\pulsar-public\app\Application\view\theme\default\common\header.tpl on line 141
2018-02-04T04:13:37+02:00 NOTICE (5) Undefined index: active in C:\wamp\www\pulsar-public\app\Application\view\theme\default\common\header.tpl on line 141
2018-02-04T04:13:59+02:00 NOTICE (5) Undefined index: active in C:\wamp\www\pulsar-public\app\Application\view\theme\default\common\header.tpl on line 141
2018-02-04T04:13:59+02:00 NOTICE (5) Undefined index: active in C:\wamp\www\pulsar-public\app\Application\view\theme\default\common\header.tpl on line 141
2018-02-04T04:14:30+02:00 NOTICE (5) Undefined index: active in C:\wamp\www\pulsar-public\app\Application\view\theme\default\common\header.tpl on line 141
2018-02-04T04:14:30+02:00 NOTICE (5) Undefined index: active in C:\wamp\www\pulsar-public\app\Application\view\theme\default\common\header.tpl on line 141
2018-02-04T04:15:09+02:00 NOTICE (5) Undefined index: active in C:\wamp\www\pulsar-public\app\Application\view\theme\default\common\header.tpl on line 141
2018-02-04T04:15:09+02:00 NOTICE (5) Undefined index: active in C:\wamp\www\pulsar-public\app\Application\view\theme\default\common\header.tpl on line 141
